[2016-12-04 15:30:13] START
[2016-12-04 15:32:58] EDIT hypenews/models/db.py: 27
[2016-12-04 15:35:28] EDIT hypenews/controllers/default.py: 27
[2016-12-04 15:36:24] EDIT hypenews/controllers/default.py: -1
[2016-12-04 15:39:00] EDIT hypenews/controllers/default.py: 8
[2016-12-04 15:39:38] EDIT hypenews/controllers/default.py: 0
[2016-12-04 15:40:11] CREATE default/forum.html: 0
[2016-12-04 15:40:39] CREATE default/createcreate123.html: 0
[2016-12-04 15:42:02] CREATE default/show.html: 0
[2016-12-04 15:43:31] EDIT hypenews/views/default/forum.html: 9
[2016-12-04 15:44:46] EDIT hypenews/views/default/forum.html: 0
[2016-12-04 15:45:16] EDIT hypenews/views/default/show.html: -1
[2016-12-04 15:48:27] EDIT hypenews/models/db.py: 4
[2016-12-04 15:48:31] EDIT hypenews/models/db.py: 0
[2016-12-04 15:49:07] EDIT hypenews/views/default/show.html: 18
[2016-12-04 15:50:29] EDIT hypenews/models/db.py: -2
[2016-12-04 15:52:40] EDIT hypenews/controllers/default.py: 0
[2016-12-04 15:53:21] EDIT hypenews/views/default/createcreate123.html: 0
[2016-12-04 15:53:36] EDIT hypenews/views/default/createcreate123.html: 0
[2016-12-04 15:53:48] EDIT hypenews/views/default/createcreate123.html: -2
[2016-12-04 15:54:02] EDIT hypenews/views/default/createcreate123.html: 1
[2016-12-04 15:54:23] EDIT hypenews/views/default/createcreate123.html: 1
[2016-12-04 16:05:06] EDIT hypenews/views/default/index.html: 107
[2016-12-04 16:06:13] EDIT hypenews/views/default/index.html: 4
[2016-12-04 16:10:45] CREATE css/clean-blog.css: 0
[2016-12-04 16:10:49] EDIT hypenews/static/css/clean-blog.css: 395
[2016-12-04 16:14:49] EDIT hypenews/views/default/index.html: 1
[2016-12-04 16:15:54] CREATE css/font-awesome.css: 0
[2016-12-04 16:17:17] CREATE css/clean-blog-min.css: 0
[2016-12-04 16:17:26] EDIT hypenews/static/css/clean-blog-min.css: 1
[2016-12-04 16:17:39] EDIT hypenews/views/default/index.html: -1
[2016-12-04 16:20:23] EDIT hypenews/views/default/index.html: 0
[2016-12-04 16:23:41] UPLOAD /Users/user/Downloads/web2py/web2py.app/Contents/Resources/applications/hypenews/static/hype: 172
[2016-12-04 16:24:08] DELETE hypenews/static/hype: -172
[2016-12-04 16:24:31] UPLOAD /Users/user/Downloads/web2py/web2py.app/Contents/Resources/applications/hypenews/static/hype: 172
[2016-12-04 16:27:02] EDIT hypenews/views/default/index.html: 0
[2016-12-04 16:27:27] EDIT hypenews/views/default/index.html: 0
[2016-12-04 16:28:10] EDIT hypenews/views/default/index.html: 0
[2016-12-04 16:30:35] EDIT hypenews/views/default/index.html: -2
[2016-12-04 16:30:45] EDIT hypenews/views/default/index.html: 2
[2016-12-04 16:31:23] EDIT hypenews/views/default/index.html: 0
[2016-12-04 16:34:03] EDIT hypenews/views/default/index.html: 3
[2016-12-04 16:34:35] EDIT hypenews/views/default/index.html: 0
[2016-12-04 16:35:07] EDIT hypenews/views/default/index.html: -9
[2016-12-04 16:35:23] EDIT hypenews/views/default/index.html: 0
[2016-12-04 16:37:39] EDIT hypenews/static/css/clean-blog-min.css: 15
[2016-12-04 16:48:42] EDIT hypenews/static/css/clean-blog-min.css: 6024
[2016-12-04 16:51:13] EDIT hypenews/views/default/index.html: 0
[2016-12-04 16:53:52] EDIT hypenews/views/default/index.html: 6
[2016-12-04 16:54:14] EDIT hypenews/views/default/index.html: 0
[2016-12-04 16:54:23] EDIT hypenews/views/default/index.html: 0
[2016-12-04 16:57:43] EDIT hypenews/views/default/index.html: 1
[2016-12-04 16:58:35] EDIT hypenews/views/default/index.html: 1
[2016-12-04 16:59:24] EDIT hypenews/views/default/index.html: -32
[2016-12-04 17:00:01] EDIT hypenews/views/default/index.html: 0
[2016-12-04 17:00:12] EDIT hypenews/views/default/index.html: 0
[2016-12-04 17:01:16] EDIT hypenews/views/default/index.html: -24
[2016-12-04 17:03:09] EDIT hypenews/views/default/index.html: 1
[2016-12-04 17:03:35] EDIT hypenews/views/default/index.html: -2
[2016-12-04 17:04:08] EDIT hypenews/views/default/index.html: 0
[2016-12-04 17:04:30] EDIT hypenews/views/default/index.html: 1
[2016-12-04 17:04:55] EDIT hypenews/views/default/index.html: 0
[2016-12-04 17:06:45] EDIT hypenews/views/default/index.html: 0
[2016-12-04 17:07:31] EDIT hypenews/views/default/index.html: 0
[2016-12-04 17:07:41] EDIT hypenews/views/default/index.html: 0
[2016-12-04 17:08:00] EDIT hypenews/views/default/index.html: 0
[2016-12-04 17:08:27] EDIT hypenews/views/default/index.html: 0
[2016-12-04 17:08:36] EDIT hypenews/views/default/index.html: 0
[2016-12-04 17:13:16] CREATE css/style.css: 0
[2016-12-04 17:13:28] EDIT hypenews/static/css/style.css: 3
[2016-12-04 17:13:51] EDIT hypenews/views/default/index.html: 0
[2016-12-04 17:14:25] EDIT hypenews/static/css/clean-blog-min.css: 2
[2016-12-04 17:17:29] EDIT hypenews/views/default/forum.html: 49
[2016-12-04 17:18:19] EDIT hypenews/views/default/forum.html: -10
[2016-12-04 17:19:09] EDIT hypenews/views/default/forum.html: 8
[2016-12-04 17:20:08] EDIT hypenews/views/default/forum.html: -2
[2016-12-04 17:20:41] EDIT hypenews/views/default/forum.html: -1
[2016-12-04 17:21:21] EDIT hypenews/views/default/forum.html: 0
[2016-12-04 17:27:49] EDIT hypenews/views/default/show.html: 0
[2016-12-04 17:30:06] EDIT hypenews/views/default/forum.html: 35
[2016-12-04 17:33:29] EDIT hypenews/views/default/forum.html: 0
[2016-12-04 17:37:49] EDIT hypenews/views/default/forum.html: -9
[2016-12-04 17:38:13] EDIT hypenews/views/default/forum.html: 1
[2016-12-04 17:38:51] EDIT hypenews/views/default/forum.html: -8
[2016-12-04 17:40:37] EDIT hypenews/views/default/forum.html: 1
[2016-12-04 17:49:37] EDIT hypenews/models/db.py: 1
[2016-12-04 17:49:58] EDIT hypenews/models/db.py: 0
[2016-12-04 17:50:59] EDIT hypenews/models/db.py: 0
[2016-12-04 17:51:45] EDIT hypenews/models/db.py: -1
[2016-12-04 17:53:29] EDIT hypenews/models/db.py: 0
[2016-12-04 17:55:48] EDIT hypenews/models/db.py: 1
[2016-12-04 17:58:36] EDIT hypenews/controllers/default.py: 1
[2016-12-04 17:58:58] EDIT hypenews/views/default/forum.html: 0
[2016-12-04 18:01:02] EDIT hypenews/models/db.py: -1
[2016-12-04 18:01:35] EDIT hypenews/controllers/default.py: 0
[2016-12-04 18:02:49] EDIT hypenews/models/db.py: 1
[2016-12-04 18:03:13] EDIT hypenews/models/db.py: 0
[2016-12-04 18:05:21] EDIT hypenews/views/default/forum.html: 0
[2016-12-04 18:08:15] EDIT hypenews/controllers/default.py: -1
[2016-12-04 18:08:41] EDIT hypenews/controllers/default.py: 0
[2016-12-04 18:14:32] EDIT hypenews/models/db.py: 1
[2016-12-04 18:15:15] EDIT hypenews/models/db.py: 1
[2016-12-04 18:25:02] EDIT hypenews/views/default/forum.html: 24
[2016-12-04 18:27:43] EDIT hypenews/models/db.py: 1
[2016-12-04 18:28:14] EDIT hypenews/controllers/default.py: 0
[2016-12-04 18:28:45] EDIT hypenews/views/default/forum.html: 0
[2016-12-04 18:29:32] EDIT hypenews/views/default/forum.html: 0
[2016-12-04 18:30:07] EDIT hypenews/views/default/forum.html: -2
[2016-12-04 18:31:52] EDIT hypenews/views/default/forum.html: 0
[2016-12-04 18:32:10] EDIT hypenews/views/default/forum.html: 0
[2016-12-04 18:34:11] EDIT hypenews/views/default/forum.html: -2
[2016-12-04 18:36:15] EDIT hypenews/views/default/forum.html: 0
[2016-12-04 18:36:53] EDIT hypenews/views/default/forum.html: 0
[2016-12-04 18:37:49] EDIT hypenews/views/default/forum.html: 0
[2016-12-04 18:38:25] EDIT hypenews/views/default/forum.html: 0
[2016-12-04 18:40:02] EDIT hypenews/views/default/forum.html: 2
[2016-12-04 18:41:25] EDIT hypenews/views/default/forum.html: 0
[2016-12-04 18:41:41] EDIT hypenews/views/default/forum.html: 0
[2016-12-04 18:41:56] EDIT hypenews/views/default/forum.html: 0
[2016-12-04 18:42:09] EDIT hypenews/views/default/forum.html: -26
[2016-12-04 18:42:38] EDIT hypenews/views/default/forum.html: -1
[2016-12-04 18:43:26] EDIT hypenews/views/default/forum.html: 27
[2016-12-04 18:45:34] EDIT hypenews/views/default/forum.html: 1
[2016-12-04 18:48:04] EDIT hypenews/views/default/forum.html: 0
[2016-12-04 18:49:10] EDIT hypenews/views/default/forum.html: 1
[2016-12-04 18:49:44] EDIT hypenews/views/default/forum.html: 0
[2016-12-04 18:50:01] EDIT hypenews/views/default/forum.html: 0
[2016-12-04 18:50:17] EDIT hypenews/views/default/forum.html: 0
[2016-12-04 18:51:13] EDIT hypenews/views/default/forum.html: -12
[2016-12-04 18:51:41] EDIT hypenews/views/default/forum.html: 0
[2016-12-04 18:52:19] EDIT hypenews/views/default/forum.html: 0
[2016-12-04 18:52:42] EDIT hypenews/controllers/default.py: 0
[2016-12-04 18:53:04] EDIT hypenews/controllers/default.py: 0
[2016-12-04 18:53:18] EDIT hypenews/views/default/forum.html: 0
[2016-12-04 18:54:23] EDIT hypenews/models/db.py: 0
[2016-12-04 18:55:01] EDIT hypenews/models/db.py: -1
[2016-12-04 18:55:09] EDIT hypenews/models/db.py: 0
[2016-12-04 18:56:39] EDIT hypenews/views/default/show.html: 88
[2016-12-04 18:58:00] EDIT hypenews/views/default/show.html: -1
[2016-12-04 18:59:54] EDIT hypenews/views/default/show.html: 0
[2016-12-04 19:00:31] EDIT hypenews/views/default/show.html: -41
[2016-12-04 19:00:58] EDIT hypenews/views/default/show.html: -44
[2016-12-04 19:01:32] EDIT hypenews/controllers/default.py: 0
[2016-12-04 19:03:59] EDIT hypenews/views/default/show.html: 1
[2016-12-04 19:06:08] EDIT hypenews/views/default/forum.html: 0
[2016-12-04 19:07:00] EDIT hypenews/controllers/default.py: 4
[2016-12-04 19:07:12] EDIT hypenews/controllers/default.py: 0
[2016-12-04 19:07:42] CREATE default/show_all.html: 0
[2016-12-04 19:08:09] EDIT hypenews/views/default/show_all.html: 85
[2016-12-04 19:08:38] EDIT hypenews/views/default/show_all.html: 0
[2016-12-04 19:09:58] EDIT hypenews/views/default/show_all.html: -9
[2016-12-04 19:10:27] EDIT hypenews/views/default/forum.html: 0
[2016-12-04 19:11:23] EDIT hypenews/views/default/show_all.html: -3
[2016-12-04 19:12:13] EDIT hypenews/controllers/default.py: 6
[2016-12-04 19:12:37] EDIT hypenews/views/default/show_all.html: 3
[2016-12-04 19:16:18] EDIT hypenews/controllers/default.py: 0
[2016-12-04 19:16:39] EDIT hypenews/controllers/default.py: 9
[2016-12-04 19:17:13] EDIT hypenews/views/default/index.html: -17
[2016-12-04 19:23:04] EDIT hypenews/models/menu.py: -81
[2016-12-04 19:28:24] EDIT hypenews/models/menu.py: 0
[2016-12-04 19:28:26] EDIT hypenews/views/default/index.html: 0
[2016-12-04 19:28:28] EDIT hypenews/views/default/forum.html: 0
[2016-12-04 19:28:29] EDIT hypenews/controllers/default.py: 0
[2016-12-05 03:03:41] EDIT init/models/db.py: 1
[2016-12-05 03:04:12] EDIT init/views/default/index.html: 0
[2016-12-05 12:58:28] EDIT init/views/default/index.html: 0
[2016-12-05 13:09:01] EDIT init/models/menu.py: 0
[2016-12-05 13:09:22] CREATE default/feed.html: 0
[2016-12-05 13:09:53] EDIT init/controllers/default.py: 1
[2016-12-05 13:10:28] EDIT init/views/default/feed.html: -2
[2016-12-05 13:12:37] EDIT init/views/default/feed.html: 1
[2016-12-05 13:13:03] EDIT init/views/default/feed.html: 1
[2016-12-05 13:14:22] EDIT init/views/default/feed.html: 8
[2016-12-05 13:14:47] EDIT init/views/default/feed.html: 10
[2016-12-05 13:15:46] EDIT init/views/default/feed.html: 2
[2016-12-05 13:16:19] EDIT init/views/default/feed.html: 0
[2016-12-05 13:18:22] EDIT init/views/default/feed.html: 0
[2016-12-05 13:18:55] EDIT init/views/default/feed.html: 0
[2016-12-05 13:24:30] EDIT init/views/default/feed.html: 0
[2016-12-05 13:24:58] EDIT init/views/default/feed.html: 0
[2016-12-05 13:26:47] EDIT init/views/default/feed.html: 0
[2016-12-05 13:27:02] EDIT init/views/default/feed.html: 0
[2016-12-05 13:27:45] EDIT init/models/menu.py: 0
[2016-12-05 13:28:19] EDIT init/models/menu.py: 0
[2016-12-05 13:28:35] CREATE default/contact.html: 0
[2016-12-05 13:29:00] EDIT init/views/default/contact.html: 20
[2016-12-05 13:29:21] EDIT init/controllers/default.py: 2
[2016-12-05 13:29:58] EDIT init/models/menu.py: 0
[2016-12-05 13:30:32] EDIT init/views/default/contact.html: 0
[2016-12-05 13:31:35] EDIT init/views/default/contact.html: 0
[2016-12-05 13:33:04] EDIT init/views/default/contact.html: 0
[2016-12-05 13:33:24] EDIT init/views/default/contact.html: -7
[2016-12-05 13:33:46] EDIT init/views/default/contact.html: -2
[2016-12-05 13:34:43] EDIT init/views/default/contact.html: 0
[2016-12-05 13:35:37] EDIT init/views/default/contact.html: 9
[2016-12-05 13:37:34] EDIT init/views/default/contact.html: 3
[2016-12-05 13:38:38] EDIT init/views/default/contact.html: -3
[2016-12-05 13:38:46] EDIT init/views/default/contact.html: 0
[2016-12-05 13:39:40] EDIT init/views/default/contact.html: 0
[2016-12-05 13:40:05] EDIT init/views/default/contact.html: 0
[2016-12-05 13:40:57] EDIT init/controllers/default.py: 2
[2016-12-05 13:41:04] CREATE default/about.html: 0
[2016-12-05 13:41:45] EDIT init/views/default/about.html: 10
[2016-12-05 13:43:10] EDIT init/views/default/about.html: 22
[2016-12-05 13:43:36] EDIT init/models/menu.py: 0
[2016-12-05 13:46:50] EDIT init/views/default/about.html: -10
[2016-12-05 13:49:06] EDIT init/views/default/about.html: -2
[2016-12-05 13:50:01] EDIT init/views/default/about.html: 3
[2016-12-05 13:51:14] EDIT init/views/default/about.html: 4
[2016-12-05 13:51:58] EDIT init/views/default/about.html: 0
[2016-12-05 13:52:37] EDIT init/views/default/about.html: 0
[2016-12-05 13:53:06] EDIT init/views/default/about.html: 3
[2016-12-05 13:58:58] EDIT init/views/default/contact.html: 17
[2016-12-05 13:59:18] EDIT init/views/default/contact.html: -3
[2016-12-05 14:00:13] EDIT init/views/default/contact.html: 2
[2016-12-05 14:01:12] EDIT init/views/default/contact.html: 0
[2016-12-05 14:02:17] EDIT init/views/default/contact.html: 1
[2016-12-05 14:02:36] EDIT init/views/default/contact.html: 0
[2016-12-05 14:04:08] EDIT init/controllers/default.py: 2
[2016-12-05 14:04:21] CREATE default/donations.html: 0
[2016-12-05 14:05:00] EDIT init/views/default/donations.html: 30
[2016-12-05 14:06:00] EDIT init/views/default/donations.html: 0
[2016-12-05 14:06:43] EDIT init/models/menu.py: 0
[2016-12-05 14:08:52] EDIT init/views/default/donations.html: 1
[2016-12-05 14:09:17] EDIT init/models/menu.py: 0
[2016-12-05 14:10:23] EDIT init/views/default/donations.html: 0
[2016-12-05 14:11:21] EDIT init/views/default/about.html: 0
[2016-12-05 14:11:33] EDIT init/views/default/about.html: 0
[2016-12-05 14:14:24] EDIT init/views/default/show.html: 9
[2016-12-05 14:17:39] EDIT init/views/default/show.html: -7
[2016-12-05 14:18:09] EDIT init/views/default/show.html: 0
[2016-12-05 14:18:33] EDIT init/views/default/show.html: 1
[2016-12-05 14:18:51] EDIT init/views/default/show.html: 0
[2016-12-05 14:20:24] EDIT init/views/default/show.html: 0
[2016-12-05 14:22:26] EDIT init/views/default/feed.html: 0
[2016-12-05 14:22:50] EDIT init/views/default/feed.html: 0
[2016-12-05 14:23:58] EDIT init/models/menu.py: 0
[2016-12-05 14:24:28] EDIT init/models/menu.py: 0
[2016-12-05 14:24:47] EDIT init/models/menu.py: 0
[2016-12-05 14:39:45] EDIT init/views/default/show.html: 4
[2016-12-05 14:40:18] EDIT init/static/css/style.css: 4
[2016-12-05 14:40:53] EDIT init/static/css/style.css: 0
[2016-12-05 14:42:53] EDIT init/static/css/style.css: 6
[2016-12-05 14:43:34] EDIT init/views/default/show.html: 0
[2016-12-05 14:44:21] EDIT init/static/css/style.css: -1
[2016-12-05 14:45:22] EDIT init/static/css/style.css: 9
[2016-12-05 14:46:42] EDIT init/views/default/show.html: 2
[2016-12-05 14:47:27] EDIT init/static/css/style.css: -5
[2016-12-05 14:48:46] EDIT init/static/css/style.css: 0
[2016-12-05 14:51:09] EDIT init/static/css/style.css: 1
[2016-12-05 14:51:27] EDIT init/static/css/style.css: 0
[2016-12-05 14:53:21] EDIT init/static/css/style.css: 0
[2016-12-05 14:54:36] EDIT init/static/css/style.css: 0
[2016-12-05 14:54:58] EDIT init/static/css/style.css: 0
[2016-12-05 14:55:35] EDIT init/static/css/style.css: 0
[2016-12-05 14:56:45] EDIT init/views/default/show.html: 0
[2016-12-05 14:57:11] EDIT init/static/css/style.css: 2
[2016-12-05 14:57:56] EDIT init/static/css/style.css: 0
[2016-12-05 14:58:17] EDIT init/static/css/style.css: 0
[2016-12-05 14:58:27] EDIT init/static/css/style.css: 0
[2016-12-05 14:59:04] EDIT init/static/css/style.css: 0
[2016-12-05 14:59:20] EDIT init/static/css/style.css: 0
[2016-12-05 15:00:32] EDIT init/views/default/feed.html: 2
[2016-12-05 15:01:53] EDIT init/views/default/feed.html: 2
[2016-12-05 15:02:39] EDIT init/views/default/about.html: 4
[2016-12-05 15:02:58] EDIT init/views/default/contact.html: 2
[2016-12-05 15:03:28] EDIT init/views/default/donations.html: 4
[2016-12-05 15:03:52] EDIT init/views/default/contact.html: 2
[2016-12-05 15:05:23] EDIT init/views/default/forum.html: 1
[2016-12-05 15:05:53] EDIT init/views/default/show_all.html: 2
[2016-12-05 15:07:00] EDIT init/views/default/index.html: 3
[2016-12-05 15:07:51] EDIT init/views/default/index.html: -2
[2016-12-05 15:08:09] EDIT init/static/css/style.css: 0
[2016-12-05 15:08:55] EDIT init/views/default/index.html: 0
[2016-12-05 15:09:14] EDIT init/views/default/index.html: 0
[2016-12-05 15:16:20] EDIT init/static/css/style.css: 0
[2016-12-05 15:19:08] EDIT init/views/layout.html: 0
[2016-12-05 15:20:38] EDIT init/views/default/show.html: 4
[2016-12-05 15:21:06] EDIT init/views/default/show.html: -4
[2016-12-05 15:21:53] EDIT init/views/default/index.html: -1
[2016-12-05 15:22:17] EDIT init/views/default/index.html: 0
[2016-12-05 15:36:36] EDIT init/views/default/show.html: 0
[2016-12-05 15:37:46] EDIT init/views/default/index.html: 0
[2016-12-05 15:46:21] EDIT init/views/default/index.html: 1
[2016-12-05 15:47:03] EDIT init/views/default/index.html: 0
[2016-12-05 15:47:42] EDIT init/views/default/index.html: 0
[2016-12-05 15:48:16] EDIT init/views/default/index.html: -1
[2016-12-05 15:48:42] EDIT init/views/default/show.html: 1
[2016-12-05 15:49:15] EDIT init/views/default/show.html: 1
[2016-12-05 15:49:33] EDIT init/views/default/show.html: 0
[2016-12-05 15:49:53] EDIT init/views/default/show.html: 0
[2016-12-05 15:50:54] EDIT init/views/default/feed.html: 1
[2016-12-05 15:51:15] EDIT init/views/default/feed.html: 0
[2016-12-05 15:51:34] EDIT init/views/default/feed.html: 1
[2016-12-05 15:52:07] EDIT init/views/default/feed.html: -1
[2016-12-05 15:52:22] EDIT init/views/default/about.html: 1
[2016-12-05 15:52:32] EDIT init/views/default/about.html: 1
[2016-12-05 15:52:50] EDIT init/views/default/about.html: 0
[2016-12-05 15:53:33] EDIT init/views/default/contact.html: 1
[2016-12-05 15:53:50] EDIT init/views/default/contact.html: 1
[2016-12-05 15:54:35] EDIT init/views/default/donations.html: 1
[2016-12-05 15:55:09] EDIT init/views/default/show_all.html: 0
[2016-12-05 15:55:44] EDIT init/views/default/show_all.html: 0
[2016-12-05 15:56:09] EDIT init/views/default/index.html: 0
[2016-12-05 15:56:35] EDIT init/views/default/index.html: 0
[2016-12-05 15:58:21] EDIT init/views/default/feed.html: 0
[2016-12-05 15:58:47] EDIT init/views/default/feed.html: 0
[2016-12-05 15:59:30] EDIT init/views/default/forum.html: 0
[2016-12-05 16:00:25] EDIT init/views/default/index.html: 0
[2016-12-05 16:13:15] EDIT init/views/default/index.html: 18
[2016-12-05 16:14:47] EDIT init/views/default/index.html: -18
[2016-12-05 16:16:42] EDIT init/views/default/index.html: 19
[2016-12-05 16:18:39] EDIT init/static/css/style.css: 3
[2016-12-05 16:19:08] EDIT init/views/default/index.html: -19
[2016-12-05 16:19:13] EDIT init/static/css/style.css: -3
[2016-12-05 16:20:38] EDIT init/controllers/default.py: 0
[2016-12-05 16:23:46] EDIT init/controllers/default.py: 0
[2016-12-05 16:27:45] EDIT init/controllers/default.py: 0
[2016-12-05 16:28:48] EDIT init/controllers/default.py: 0
[2016-12-05 16:36:51] EDIT init/views/default/feed.html: 0
[2016-12-05 16:37:18] EDIT init/views/default/feed.html: 0
[2016-12-05 16:39:09] EDIT init/views/default/feed.html: 0
[2016-12-05 16:41:01] EDIT init/views/default/feed.html: 0
[2016-12-05 16:51:43] EDIT init/views/default/show.html: 0
[2016-12-05 16:53:54] EDIT init/views/default/show.html: 0
[2016-12-05 16:55:38] EDIT init/views/layout.html: -3
[2016-12-05 16:56:22] EDIT init/views/layout.html: 3
[2016-12-05 16:58:18] EDIT init/views/default/about.html: 0
[2016-12-05 16:59:14] EDIT init/views/default/about.html: 0
[2016-12-05 17:00:25] EDIT init/views/default/about.html: 3
[2016-12-05 17:01:13] EDIT init/views/default/about.html: 1
[2016-12-05 17:02:45] EDIT init/views/default/about.html: -4
[2016-12-05 17:23:59] EDIT init/views/default/index.html: 0
[2016-12-05 17:24:32] EDIT init/views/default/index.html: 0
[2016-12-05 17:30:31] EDIT init/static/css/web2py.css: 0
[2016-12-05 17:32:09] EDIT init/static/css/web2py.css: 0
[2016-12-05 17:45:29] UPLOAD /home/hypenews/web2py/applications/init/static/images/hype.png: 172
[2016-12-05 17:46:58] EDIT init/static/css/web2py.css: 0
[2016-12-05 17:48:35] EDIT init/static/css/web2py.css: 0
[2016-12-05 17:56:35] CREATE hypenewsthehypenewsqq123.html: 0
[2016-12-05 17:57:11] EDIT init/views/hypenewsthehypenewsqq123.html: 2
[2016-12-05 17:57:49] EDIT init/views/hypenewsthehypenewsqq123.html: 0
[2016-12-05 17:57:51] EDIT init/controllers/default.py: 2
[2016-12-05 17:58:10] CREATE default/hypenewsthehypenewsqq123.html: 0
[2016-12-05 17:58:20] EDIT init/views/default/hypenewsthehypenewsqq123.html: 2
[2016-12-05 17:59:26] EDIT init/controllers/default.py: 1
[2016-12-05 18:00:38] EDIT init/controllers/default.py: 0
[2016-12-05 18:01:58] EDIT init/controllers/default.py: 0
[2016-12-05 18:04:26] EDIT init/controllers/default.py: 0
[2016-12-05 18:09:30] EDIT init/controllers/default.py: 0
[2016-12-05 18:15:16] EDIT init/controllers/default.py: 3
[2016-12-05 18:16:26] CREATE default/hypenewsthehypenewscc123.html: 0
[2016-12-05 18:19:51] EDIT init/views/default/hypenewsthehypenewscc123.html: 2
[2016-12-05 18:24:46] EDIT init/views/default/hypenewsthehypenewscc123.html: 1
[2016-12-05 18:25:41] EDIT init/views/default/hypenewsthehypenewscc123.html: 0
[2016-12-05 18:27:10] EDIT init/views/default/hypenewsthehypenewscc123.html: 2
[2016-12-05 18:27:42] EDIT init/views/default/hypenewsthehypenewsqq123.html: 3
[2016-12-05 18:33:00] EDIT init/views/default/hypenewsthehypenewsqq123.html: 0
[2016-12-05 18:33:28] EDIT init/views/default/hypenewsthehypenewsqq123.html: 0
[2016-12-05 18:34:02] EDIT init/views/default/hypenewsthehypenewscc123.html: 0
[2016-12-05 18:34:37] EDIT init/views/default/hypenewsthehypenewscc123.html: 0
[2016-12-05 18:36:04] EDIT init/views/default/donations.html: 0
[2016-12-05 18:37:37] EDIT init/views/default/about.html: 0
[2016-12-05 18:38:35] EDIT init/views/default/about.html: 0
[2016-12-05 18:39:17] EDIT init/views/default/about.html: -1
[2016-12-05 18:39:47] EDIT init/views/default/about.html: 0
[2016-12-05 18:40:24] EDIT init/views/default/about.html: 0
[2016-12-05 18:40:40] EDIT init/views/default/about.html: 0
[2016-12-05 18:42:10] EDIT init/views/default/index.html: 0
[2016-12-05 18:42:53] EDIT init/views/default/donations.html: 0
[2016-12-05 18:44:18] EDIT init/views/default/contact.html: 0
[2016-12-05 18:44:38] EDIT init/views/default/contact.html: 0
[2016-12-05 18:51:23] EDIT init/static/css/style.css: -1
[2016-12-05 18:52:10] EDIT init/static/css/style.css: 0
[2016-12-05 18:52:39] EDIT init/static/css/style.css: 0
[2016-12-05 18:56:46] EDIT init/views/default/index.html: -1
[2016-12-05 18:57:14] EDIT init/views/default/index.html: 0
[2016-12-05 18:59:27] EDIT init/views/default/index.html: 1
[2016-12-05 19:34:04] EDIT init/views/default/index.html: 0
[2016-12-05 20:21:13] EDIT init/views/default/index.html: 1
[2016-12-05 20:23:37] EDIT init/views/default/index.html: 0
[2016-12-05 20:24:07] EDIT init/views/default/index.html: 0
[2016-12-05 20:25:10] EDIT init/views/default/index.html: 0
[2016-12-05 20:52:51] EDIT init/views/default/index.html: 0
[2016-12-05 20:57:01] EDIT init/views/default/about.html: 36
[2016-12-05 20:57:33] EDIT init/views/default/about.html: -36
[2016-12-05 20:59:47] EDIT init/static/css/style.css: 90
[2016-12-05 21:00:41] EDIT init/static/css/style.css: -90
[2016-12-05 21:01:43] EDIT init/views/default/about.html: 85
[2016-12-05 21:02:17] EDIT init/static/css/style.css: 90
[2016-12-05 21:03:38] EDIT init/views/default/about.html: 8
[2016-12-05 21:08:09] EDIT init/views/default/about.html: -55
[2016-12-05 21:08:32] EDIT init/views/default/about.html: -1
[2016-12-05 21:08:49] EDIT init/views/default/about.html: 1
[2016-12-05 21:09:42] EDIT init/views/default/about.html: 0
[2016-12-05 21:10:11] EDIT init/views/default/about.html: -38
[2016-12-05 21:11:59] EDIT init/views/default/about.html: 10
[2016-12-05 21:12:51] EDIT init/views/default/about.html: -10
[2016-12-05 21:13:44] EDIT init/views/default/index.html: 0
[2016-12-05 21:14:37] EDIT init/views/default/index.html: 0
[2016-12-05 21:15:12] EDIT init/views/default/index.html: 1
[2016-12-05 21:22:57] EDIT init/views/default/index.html: 10
[2016-12-05 21:24:00] EDIT init/views/default/index.html: -10
[2016-12-05 21:24:41] EDIT init/views/default/index.html: 0
[2016-12-05 21:25:17] EDIT init/views/default/index.html: 0
[2016-12-05 21:26:05] EDIT init/views/default/index.html: 0
[2016-12-05 21:26:34] EDIT init/views/default/index.html: 0
[2016-12-05 21:32:49] EDIT init/views/default/index.html: 18
[2016-12-05 21:34:20] EDIT init/views/default/index.html: 0
[2016-12-05 21:35:00] EDIT init/views/default/index.html: -18
[2016-12-05 21:37:12] EDIT init/views/default/index.html: 11
[2016-12-05 21:37:50] EDIT init/views/default/index.html: 0
[2016-12-05 21:38:17] EDIT init/views/default/index.html: -2
[2016-12-05 21:38:38] EDIT init/views/default/index.html: 1
[2016-12-05 21:38:53] EDIT init/views/default/index.html: 0
[2016-12-05 21:39:57] EDIT init/views/default/index.html: 11
[2016-12-05 21:42:17] EDIT init/views/default/index.html: -2
[2016-12-05 21:42:48] EDIT init/views/default/index.html: 0
[2016-12-05 21:44:18] EDIT init/views/default/index.html: 0
[2016-12-05 21:45:33] EDIT init/views/default/index.html: -16
[2016-12-05 21:47:05] EDIT init/views/default/index.html: 0
[2016-12-05 21:47:41] EDIT init/static/css/style.css: 0
[2016-12-05 21:48:05] EDIT init/static/css/style.css: 0
[2016-12-05 21:48:24] EDIT init/static/css/style.css: 0
[2016-12-05 21:48:39] EDIT init/static/css/style.css: 0
[2016-12-05 21:48:53] EDIT init/static/css/style.css: 0
[2016-12-05 21:49:15] EDIT init/static/css/style.css: 0
[2016-12-05 21:49:24] EDIT init/static/css/style.css: 0
[2016-12-05 21:50:22] EDIT init/views/default/index.html: 0
[2016-12-05 21:51:16] EDIT init/views/default/index.html: 18
[2016-12-05 21:51:46] EDIT init/views/default/index.html: 0
[2016-12-05 21:52:16] EDIT init/views/default/index.html: 0
[2016-12-05 21:54:10] EDIT init/views/default/show.html: 17
[2016-12-05 21:55:20] EDIT init/views/default/show.html: 1
[2016-12-05 21:55:48] EDIT init/views/default/show.html: 0
[2016-12-05 21:57:33] EDIT init/views/default/show.html: 0
[2016-12-05 21:58:12] EDIT init/views/default/show.html: 0
[2016-12-05 21:58:49] EDIT init/views/default/show.html: 2
[2016-12-05 22:02:16] EDIT init/static/css/style.css: 3
[2016-12-05 22:03:24] EDIT init/views/default/show.html: -1
[2016-12-05 22:03:45] EDIT init/views/default/show.html: 1
[2016-12-05 22:07:43] EDIT init/static/css/web2py-bootstrap3.css: 0
[2016-12-05 22:08:20] EDIT init/static/css/web2py-bootstrap3.css: 0
[2016-12-05 22:09:32] EDIT init/static/css/web2py-bootstrap3.css: 1
[2016-12-05 22:10:34] EDIT init/static/css/style.css: 0
[2016-12-05 22:11:35] EDIT init/static/css/style.css: 1
[2016-12-05 22:12:27] EDIT init/static/css/style.css: 0
[2016-12-05 22:15:35] EDIT init/views/default/index.html: 0
[2016-12-05 22:16:43] EDIT init/static/css/style.css: 0
[2016-12-05 22:17:15] EDIT init/static/css/style.css: 0
[2016-12-05 22:17:20] EDIT init/static/css/style.css: 0
[2016-12-05 22:22:36] EDIT init/static/css/style.css: 0
[2016-12-05 22:23:32] EDIT init/views/default/show.html: 1
[2016-12-05 22:24:55] EDIT init/views/default/show.html: 0
[2016-12-05 22:26:58] EDIT init/views/default/show.html: 0
[2016-12-05 22:29:21] EDIT init/views/default/show.html: 0
[2016-12-05 22:29:44] EDIT init/views/default/show.html: 0
[2016-12-05 22:30:00] EDIT init/views/default/show.html: -1
[2016-12-05 22:31:45] EDIT init/static/css/style.css: 3
[2016-12-05 22:32:42] EDIT init/static/css/style.css: -3
[2016-12-05 22:33:25] EDIT init/views/default/show.html: 0
[2016-12-05 22:34:53] EDIT init/views/default/show.html: 0
[2016-12-05 22:35:34] EDIT init/views/default/show.html: 1
[2016-12-05 22:37:08] EDIT init/views/default/show.html: 3
[2016-12-05 22:40:04] EDIT init/controllers/default.py: 0
[2016-12-05 23:03:17] EDIT init/views/default/index.html: 0
[2016-12-05 23:04:15] EDIT init/views/default/index.html: 0
[2016-12-05 23:04:26] EDIT init/views/default/index.html: 1
[2016-12-05 23:04:44] EDIT init/views/default/index.html: 0
[2016-12-05 23:05:45] EDIT init/views/default/index.html: 0
[2016-12-05 23:07:07] EDIT init/views/default/index.html: 0
[2016-12-05 23:07:37] EDIT init/views/default/show.html: 0
[2016-12-05 23:08:27] EDIT init/views/default/index.html: 0
[2016-12-05 23:08:54] EDIT init/views/default/index.html: 0
[2016-12-05 23:09:35] EDIT init/views/default/index.html: 0
[2016-12-05 23:10:29] EDIT init/views/default/show.html: 1
[2016-12-05 23:12:19] EDIT init/views/default/index.html: 0
[2016-12-05 23:14:21] EDIT init/views/default/show.html: 2
[2016-12-05 23:14:37] EDIT init/views/default/show.html: 0
[2016-12-05 23:14:52] EDIT init/views/default/show.html: 0
[2016-12-05 23:15:03] EDIT init/views/default/show.html: 0
[2016-12-05 23:29:08] EDIT init/views/default/feed.html: 0
[2016-12-05 23:29:45] EDIT init/views/default/about.html: -1
[2016-12-05 23:29:52] EDIT init/views/default/contact.html: -1
[2016-12-05 23:29:59] EDIT init/views/default/donations.html: -1
[2016-12-05 23:30:14] EDIT init/views/default/show_all.html: -1
[2016-12-05 23:30:36] EDIT init/views/default/about.html: 0
[2016-12-06 11:59:37] EDIT init/models/db.py: 1
[2016-12-06 12:00:13] EDIT init/views/default/show.html: 0
[2016-12-06 12:00:51] EDIT init/views/default/index.html: 0
[2016-12-06 12:01:24] EDIT init/views/default/show_all.html: 0
[2016-12-06 12:02:59] EDIT init/models/db.py: 0
[2016-12-06 22:50:31] EDIT init/views/default/about.html: -2
[2016-12-06 22:50:45] EDIT init/views/default/contact.html: -2
[2016-12-06 22:51:23] EDIT init/models/menu.py: -1
[2016-12-06 22:51:40] EDIT init/views/default/feed.html: -1
[2016-12-06 22:52:11] EDIT init/views/default/forum.html: 0
[2016-12-06 22:52:46] EDIT init/views/default/index.html: -1
[2016-12-06 22:53:07] EDIT init/views/default/show.html: -1
[2016-12-06 22:53:35] EDIT init/views/default/show_all.html: 0
[2016-12-07 13:30:02] EDIT init/views/default/index.html: 0
[2016-12-07 13:30:19] EDIT init/views/default/index.html: 0
[2016-12-07 13:31:57] EDIT init/views/default/show_all.html: -43
[2016-12-07 13:40:25] EDIT init/views/default/show_all.html: -1
[2016-12-07 13:42:02] UPLOAD /home/hypenews/web2py/applications/init/static/images/desert.jpg: 3104
[2016-12-07 13:42:24] UPLOAD /home/hypenews/web2py/applications/init/static/images/penguins.jpg: 3229
[2016-12-07 13:42:54] UPLOAD /home/hypenews/web2py/applications/init/static/images/jellyfish.jpg: 3475
[2016-12-07 13:43:21] UPLOAD /home/hypenews/web2py/applications/init/static/images/koala.jpg: 2934
[2016-12-07 13:46:06] EDIT init/views/default/show_all.html: 49
[2016-12-07 13:49:13] EDIT init/views/default/show_all.html: 0
[2016-12-07 13:50:00] EDIT init/views/default/show_all.html: 0
[2016-12-07 13:53:56] EDIT init/views/default/show_all.html: -50
[2016-12-07 13:54:47] EDIT init/views/default/show_all.html: 49
[2016-12-07 13:56:20] EDIT init/views/default/show_all.html: 0
[2016-12-07 13:59:25] EDIT init/views/default/show_all.html: 0
[2016-12-07 14:05:51] EDIT init/models/db.py: 3
[2016-12-07 14:27:46] EDIT init/controllers/default.py: 3
[2016-12-07 14:29:04] EDIT init/controllers/default.py: 2
[2016-12-07 14:30:11] CREATE default/carouselcarouselii123.html: 0
[2016-12-07 14:32:54] EDIT init/views/default/carouselcarouselii123.html: 5
[2016-12-07 14:35:56] EDIT init/views/default/carouselcarouselii123.html: 0
[2016-12-07 14:36:23] EDIT init/views/default/carouselcarouselii123.html: -4
[2016-12-07 14:36:35] EDIT init/views/default/carouselcarouselii123.html: 4
[2016-12-07 14:36:56] EDIT init/views/default/carouselcarouselii123.html: 0
[2016-12-07 14:37:01] EDIT init/models/db.py: 0
[2016-12-07 14:37:04] EDIT init/controllers/default.py: 0
[2016-12-07 14:37:31] EDIT init/views/default/carouselcarouselii123.html: -4
[2016-12-07 14:37:39] EDIT init/views/default/carouselcarouselii123.html: 4
[2016-12-07 14:38:31] EDIT init/controllers/default.py: 0
[2016-12-07 14:38:43] EDIT init/views/default/carouselcarouselii123.html: -4
[2016-12-07 14:39:02] EDIT init/views/default/carouselcarouselii123.html: 1
[2016-12-07 14:39:20] EDIT init/views/default/carouselcarouselii123.html: -4
[2016-12-07 14:40:14] EDIT init/views/default/carouselcarouselii123.html: 0
[2016-12-07 14:40:54] EDIT init/views/default/carouselcarouselii123.html: -4
[2016-12-07 14:41:02] EDIT init/views/default/carouselcarouselii123.html: 4
[2016-12-07 14:41:37] EDIT init/models/db.py: 0
[2016-12-07 14:41:56] EDIT init/views/default/carouselcarouselii123.html: -4
[2016-12-07 14:43:37] EDIT init/controllers/default.py: 0
[2016-12-07 14:44:02] EDIT init/controllers/default.py: 0
[2016-12-07 14:47:22] EDIT init/views/default/show_all.html: 4
[2016-12-07 14:48:20] EDIT init/controllers/default.py: 1
[2016-12-07 14:58:03] EDIT init/views/default/show_all.html: 2
[2016-12-07 14:59:35] EDIT init/views/default/show_all.html: 0
[2016-12-07 15:00:35] EDIT init/views/default/show_all.html: 0
[2016-12-07 15:03:06] EDIT init/controllers/default.py: 2
[2016-12-07 15:04:40] EDIT init/controllers/default.py: 0
[2016-12-07 15:04:42] EDIT init/views/default/show_all.html: 0
[2016-12-07 15:05:23] EDIT init/views/default/show_all.html: 0
[2016-12-07 15:06:50] EDIT init/views/default/show_all.html: 0
[2016-12-07 15:07:21] EDIT init/views/default/show_all.html: -15
[2016-12-07 15:08:10] EDIT init/views/default/show_all.html: -40
[2016-12-07 15:08:46] EDIT init/views/default/index.html: 39
[2016-12-07 15:09:09] EDIT init/controllers/default.py: -2
[2016-12-07 15:09:24] EDIT init/controllers/default.py: 2
[2016-12-07 15:10:39] EDIT init/views/default/index.html: 0
[2016-12-07 15:11:35] EDIT init/views/default/index.html: 0
[2016-12-07 15:12:48] EDIT init/views/default/index.html: 4
[2016-12-07 15:14:10] EDIT init/views/default/index.html: 2
[2016-12-07 15:18:53] EDIT init/views/default/index.html: 0
[2016-12-07 15:22:51] EDIT init/views/default/index.html: 0
[2016-12-07 15:27:14] EDIT init/models/db.py: 1
[2016-12-07 15:30:04] EDIT init/views/default/index.html: 0
[2016-12-07 15:36:30] EDIT init/views/default/carouselcarouselii123.html: 3
[2016-12-07 15:36:52] EDIT init/models/db.py: 0
[2016-12-07 15:42:33] EDIT init/controllers/default.py: 0
[2016-12-07 15:43:02] EDIT init/controllers/default.py: 0
[2016-12-07 15:51:29] EDIT init/controllers/default.py: 10
[2016-12-07 15:53:42] EDIT init/views/default/hypenewsthehypenewscc123.html: 3
[2016-12-07 15:54:07] EDIT init/views/default/hypenewsthehypenewsqq123.html: 3
[2016-12-07 15:55:50] EDIT init/views/default/hypenewsthehypenewsqq123.html: 0
[2016-12-07 15:56:16] EDIT init/views/default/hypenewsthehypenewsqq123.html: 0
[2016-12-07 15:56:22] EDIT init/views/default/hypenewsthehypenewscc123.html: 0
[2016-12-07 15:57:19] EDIT init/views/default/carouselcarouselii123.html: 0
[2016-12-07 15:57:33] EDIT init/views/default/carouselcarouselii123.html: 0
[2016-12-07 16:05:30] EDIT init/views/default/carouselcarouselii123.html: 6
[2016-12-07 16:06:58] EDIT init/models/db.py: 1
[2016-12-07 16:07:35] EDIT init/models/db.py: 0
[2016-12-07 16:11:21] EDIT init/models/db.py: 0
[2016-12-07 16:12:57] CREATE default/category1.html: 0
[2016-12-07 16:13:28] EDIT init/views/default/category1.html: 33
[2016-12-07 16:15:40] EDIT init/controllers/default.py: 0
[2016-12-07 16:15:48] EDIT init/controllers/default.py: 0
[2016-12-07 16:16:07] EDIT init/controllers/default.py: 0
[2016-12-07 16:16:36] EDIT init/controllers/default.py: 0
[2016-12-07 16:30:45] EDIT init/controllers/default.py: 40
[2016-12-07 16:30:54] CREATE default/category2.html: 0
[2016-12-07 16:31:01] CREATE default/category3.html: 0
[2016-12-07 16:31:05] CREATE default/category4.html: 0
[2016-12-07 16:31:08] CREATE default/category5.html: 0
[2016-12-07 16:31:23] EDIT init/views/default/category2.html: 33
[2016-12-07 16:31:28] EDIT init/views/default/category3.html: 33
[2016-12-07 16:32:45] EDIT init/views/default/category4.html: 33
[2016-12-07 16:32:50] EDIT init/views/default/category5.html: 33
[2016-12-07 16:37:53] EDIT init/views/default/index.html: 0
[2016-12-07 16:38:42] EDIT init/views/default/index.html: 0
[2016-12-07 16:39:25] EDIT init/views/default/index.html: 0
[2016-12-07 16:41:44] EDIT init/views/default/index.html: 0
[2016-12-07 16:45:10] EDIT init/views/default/index.html: 0
[2016-12-07 16:49:50] EDIT init/views/default/index.html: 0
[2016-12-07 16:56:00] EDIT init/views/default/index.html: 0
[2016-12-07 16:57:28] EDIT init/models/db.py: 0
[2016-12-07 16:59:20] EDIT init/models/db.py: 0
[2016-12-07 17:00:20] EDIT init/views/default/index.html: 0
[2016-12-07 17:01:33] EDIT init/views/default/category5.html: 0
[2016-12-07 17:04:09] EDIT init/views/default/category1.html: 0
[2016-12-07 17:05:05] EDIT init/controllers/default.py: 0
[2016-12-07 17:05:22] EDIT init/controllers/default.py: -3
[2016-12-07 17:17:38] EDIT init/controllers/default.py: 0
[2016-12-07 17:55:27] EDIT init/views/default/carouselcarouselii123.html: 0
[2016-12-07 17:55:50] EDIT init/views/default/carouselcarouselii123.html: 0
[2016-12-07 17:57:28] EDIT init/views/default/hypenewsthehypenewsqq123.html: 1
[2016-12-07 17:59:12] EDIT init/views/default/show_all.html: 13
[2016-12-07 18:09:18] EDIT init/views/default/category1.html: 13
[2016-12-07 18:09:46] EDIT init/views/default/category2.html: 13
[2016-12-07 18:10:00] EDIT init/views/default/category3.html: 13
[2016-12-07 18:10:10] EDIT init/views/default/category4.html: 13
[2016-12-07 18:10:18] EDIT init/views/default/category5.html: 13
[2016-12-07 18:31:40] EDIT init/controllers/default.py: 0
[2016-12-07 18:41:38] EDIT init/private/appconfig.ini: 0
[2016-12-07 19:05:02] EDIT init/static/css/style.css: 0
[2016-12-07 19:06:37] EDIT init/static/css/style.css: 0
[2016-12-07 19:07:00] EDIT init/static/css/style.css: 0
[2016-12-07 19:07:14] EDIT init/static/css/style.css: 0
[2016-12-07 19:07:51] EDIT init/static/css/style.css: 0
[2016-12-07 19:08:46] EDIT init/static/css/style.css: 0
[2016-12-07 19:14:17] EDIT init/static/css/style.css: 2
[2016-12-07 19:15:01] EDIT init/static/css/style.css: 0
[2016-12-07 20:06:52] EDIT init/controllers/default.py: 14
[2016-12-07 20:09:32] EDIT init/views/default/category1.html: 46
[2016-12-07 20:09:43] EDIT init/views/default/category2.html: 46
[2016-12-07 20:09:53] EDIT init/views/default/category3.html: 46
[2016-12-07 20:10:10] EDIT init/views/default/category3.html: 0
[2016-12-07 20:10:22] EDIT init/views/default/category4.html: 46
[2016-12-07 20:10:31] EDIT init/views/default/category5.html: 46
[2016-12-07 20:10:54] EDIT init/views/default/show_all.html: 46
[2016-12-07 20:11:38] EDIT init/views/default/show.html: 46
[2016-12-07 20:12:15] EDIT init/controllers/default.py: 0
[2016-12-07 20:12:59] EDIT init/controllers/default.py: 0
[2016-12-07 20:13:01] EDIT init/views/default/show.html: 0
[2016-12-07 20:13:56] EDIT init/controllers/default.py: 0
[2016-12-07 20:14:40] EDIT init/views/default/show.html: 0
[2016-12-07 20:14:48] EDIT init/controllers/default.py: 0
[2016-12-07 20:15:14] EDIT init/views/default/show.html: -46
[2016-12-08 13:10:53] EDIT init/static/css/style.css: 0
[2016-12-08 13:12:08] EDIT init/static/css/style.css: 0
[2016-12-08 21:17:36] EDIT init/views/default/feed.html: 0
[2016-12-08 21:18:03] EDIT init/views/default/index.html: 0
[2016-12-08 21:18:44] EDIT init/views/default/index.html: -1
[2016-12-08 21:19:01] EDIT init/views/default/index.html: 1
[2016-12-08 21:19:57] EDIT init/views/default/index.html: 1
[2016-12-08 21:22:18] UPLOAD /home/hypenews/web2py/applications/init/static/images/frontEndDev.jpg: 63
[2016-12-08 21:23:10] EDIT init/static/css/web2py-bootstrap3.css: 0
[2016-12-08 21:23:25] EDIT init/static/css/web2py-bootstrap3.css: 0
[2016-12-08 21:23:43] EDIT init/static/css/web2py-bootstrap3.css: 0
[2016-12-08 21:26:34] EDIT init/static/css/web2py-bootstrap3.css: 0
[2016-12-08 21:27:34] UPLOAD /home/hypenews/web2py/applications/init/static/images/jbtus.jpg: 275
[2016-12-08 21:28:04] EDIT init/static/css/web2py-bootstrap3.css: 0
[2016-12-08 21:28:35] EDIT init/static/css/web2py-bootstrap3.css: 0
